Arguments: 
  /Users/georgia.loper/.asdf/installs/nodejs/12.16.1/bin/node /Users/georgia.loper/.asdf/installs/nodejs/12.16.1/.npm/bin/yarn install

PATH: 
  /Users/georgia.loper/.asdf/plugins/nodejs/shims:/Users/georgia.loper/.asdf/installs/nodejs/12.16.1/.npm/bin:/Users/georgia.loper/.asdf/installs/nodejs/12.16.1/bin:/Users/georgia.loper/.asdf/shims:/usr/local/Cellar/asdf/0.8.1_1/libexec/bin:/usr/local/bin:/usr/bin:/bin:/usr/sbin:/sbin:/Users/georgia.loper/.umt:/Users/georgia.loper/.umt

Yarn version: 
  1.22.17

Node version: 
  12.16.1

Platform: 
  darwin x64

Trace: 
  Error: connect ECONNREFUSED 10.10.13.123:443
      at TCPConnectWrap.afterConnect [as oncomplete] (net.js:1137:16)

npm manifest: 
  {
    "name": "vanilla-extract-demo",
    "version": "0.0.1",
    "private": true,
    "main": "./dist/main.js",
    "module": "./dist/main.js",
    "types": "./dist/types/index.d.ts",
    "files": [
      "./dist",
      "README.md"
    ],
    "engines": {
      "npm": ">=8.1.2"
    },
    "scripts": {
      "prepack": "yarn build",
      "build": "webpack --env NODE_ENV=production",
      "build-storybook": "npx build-storybook",
      "dev": "playroom start",
      "watch": "",
      "test": "jest",
      "docs": "npx start-storybook -p 6006"
    },
    "peerDependencies": {
      "react": "^17.0.2",
      "react-dom": "^17.0.2"
    },
    "devDependencies": {
      "@babel/core": "^7.16.5",
      "@babel/preset-env": "^7.16.5",
      "@babel/preset-react": "^7.16.5",
      "@types/jest": "^27.0.3",
      "@types/lodash": "^4.14.175",
      "@types/react": "^17.0.37",
      "@types/react-dom": "^17.0.11",
      "@vanilla-extract/babel-plugin": "^1.1.4",
      "@vanilla-extract/webpack-plugin": "^2.1.4",
      "babel-loader": "^8.2.3",
      "mini-css-extract-plugin": "^2.4.5",
      "playroom": "^0.27.9",
      "rimraf": "^3.0.2",
      "ts-jest": "^27.1.1",
      "ts-loader": "^9.2.6",
      "typescript": "^4.2.4",
      "webpack": "^5.65.0"
    },
    "dependencies": {
      "@vanilla-extract/css": "^1.6.8",
      "@vanilla-extract/sprinkles": "^1.3.3",
      "clsx": "^1.1.1"
    }
  }

yarn manifest: 
  No manifest

Lockfile: 
  No lockfile
